生成启动时间为 2022/9/6 23:51:03。
     1>项目“C:\Users\July\Documents\_mynote2\wzhEmule\resembleEmule\resembleEmule.vcxproj”在节点 2 上(Rebuild 个目标)。
     1>ClCompile:
         C:\Program Files (x86)\Microsoft Visual Studio 14.0\VC\bin\CL.exe /c /I..\include /I..\include\nlohmann /ZI /nologo /W3 /WX- /sdl- /Od /Oy- /D WIN32 /D _WINDOWS /D _DEBUG /D _UNICODE /D UNICODE /Gm /EHsc /RTC1 /MTd /GS /fp:precise /Zc:wchar_t /Zc:forScope /Zc:inline /Yc"stdafx.h" /Fp"Debug\resembleEmule.pch" /Fo"Debug\\" /Fd"Debug\vc140.pdb" /Gd /TP /analyze- /errorReport:prompt stdafx.cpp
         stdafx.cpp
         C:\Program Files (x86)\Microsoft Visual Studio 14.0\VC\bin\CL.exe /c /I..\include /I..\include\nlohmann /ZI /nologo /W3 /WX- /sdl- /Od /Oy- /D WIN32 /D _WINDOWS /D _DEBUG /D _UNICODE /D UNICODE /Gm /EHsc /RTC1 /MTd /GS /fp:precise /Zc:wchar_t /Zc:forScope /Zc:inline /Yu"stdafx.h" /Fp"Debug\resembleEmule.pch" /Fo"Debug\\" /Fd"Debug\vc140.pdb" /Gd /TP /analyze- /errorReport:prompt BkDialogST.cpp Button\BCMenu.cpp Button\BtnST.cpp Button\CeXDib.cpp EmuleDlg.cpp HomeWnd.cpp IconStatic.cpp resembleEmule.cpp ReviewListWnd.cpp StaticTrans.cpp
         StaticTrans.cpp
         ReviewListWnd.cpp
         resembleEmule.cpp
         IconStatic.cpp
         HomeWnd.cpp
         EmuleDlg.cpp
         CeXDib.cpp
         BtnST.cpp
     1>c:\users\july\documents\_mynote2\wzhemule\resembleemule\button\btnst.cpp(19): warning C4005: “BS_TYPEMASK”: 宏重定义
         c:\program files (x86)\windows kits\8.1\include\um\winuser.h(10731): note: 参见“BS_TYPEMASK”的前一个定义
     1>c:\users\july\documents\_mynote2\wzhemule\resembleemule\button\btnst.cpp(2319): warning C4996: 'wcscpy': This function or variable may be unsafe. Consider using wcscpy_s instead. To disable deprecation, use _CRT_SECURE_NO_WARNINGS. See online help for details.
         c:\program files (x86)\windows kits\10\include\10.0.10150.0\ucrt\corecrt_wstring.h(121): note: 参见“wcscpy”的声明
         BCMenu.cpp
     1>c:\users\july\documents\_mynote2\wzhemule\resembleemule\button\bcmenu.cpp(75): warning C4996: 'GetVersion': 被声明为已否决
         c:\program files (x86)\windows kits\8.1\include\um\sysinfoapi.h(110): note: 参见“GetVersion”的声明
     1>c:\users\july\documents\_mynote2\wzhemule\resembleemule\button\bcmenu.cpp(82): warning C4996: 'GetVersionExW': 被声明为已否决
         c:\program files (x86)\windows kits\8.1\include\um\sysinfoapi.h(442): note: 参见“GetVersionExW”的声明
     1>c:\users\july\documents\_mynote2\wzhemule\resembleemule\button\bcmenu.cpp(97): warning C4996: 'GetVersionExW': 被声明为已否决
         c:\program files (x86)\windows kits\8.1\include\um\sysinfoapi.h(442): note: 参见“GetVersionExW”的声明
     1>c:\users\july\documents\_mynote2\wzhemule\resembleemule\button\bcmenu.cpp(210): warning C4996: 'wcscpy': This function or variable may be unsafe. Consider using wcscpy_s instead. To disable deprecation, use _CRT_SECURE_NO_WARNINGS. See online help for details.
         c:\program files (x86)\windows kits\10\include\10.0.10150.0\ucrt\corecrt_wstring.h(121): note: 参见“wcscpy”的声明
     1>c:\users\july\documents\_mynote2\wzhemule\resembleemule\button\bcmenu.cpp(1666): warning C4996: 'wcscpy': This function or variable may be unsafe. Consider using wcscpy_s instead. To disable deprecation, use _CRT_SECURE_NO_WARNINGS. See online help for details.
         c:\program files (x86)\windows kits\10\include\10.0.10150.0\ucrt\corecrt_wstring.h(121): note: 参见“wcscpy”的声明
     1>c:\users\july\documents\_mynote2\wzhemule\resembleemule\button\bcmenu.cpp(1948): warning C4018: “<”: 有符号/无符号不匹配
         BkDialogST.cpp
         正在生成代码...
       ResourceCompile:
         C:\Program Files (x86)\Windows Kits\8.1\bin\x86\rc.exe /D _DEBUG /D _UNICODE /D UNICODE /l"0x0804" /IDebug\ /nologo /fo"Debug\resembleEmule.res" resembleEmule.rc 
       Link:
         C:\Program Files (x86)\Microsoft Visual Studio 14.0\VC\bin\link.exe /ERRORREPORT:PROMPT /OUT:"C:\Users\July\Documents\_mynote2\wzhEmule\resembleEmule\Debug\resembleEmule.exe" /INCREMENTAL /NOLOGO /MANIFEST /MANIFESTUAC:"level='asInvoker' uiAccess='false'" /manifest:embed /manifestinput:"C:\Program Files (x86)\Microsoft Visual Studio 14.0\VC\Include\Manifest\dpiaware.manifest" /Debug /PDB:"C:\Users\July\Documents\_mynote2\wzhEmule\resembleEmule\Debug\resembleEmule.pdb" /SUBSYSTEM:WINDOWS /TLBID:1 /ENTRY:"wWinMainCRTStartup" /DYNAMICBASE /NXCOMPAT /IMPLIB:"C:\Users\July\Documents\_mynote2\wzhEmule\resembleEmule\Debug\resembleEmule.lib" /MACHINE:X86 Debug\resembleEmule.res
         Debug\BkDialogST.obj
         Debug\BCMenu.obj
         Debug\BtnST.obj
         Debug\CeXDib.obj
         Debug\EmuleDlg.obj
         Debug\HomeWnd.obj
         Debug\IconStatic.obj
         Debug\resembleEmule.obj
         Debug\ReviewListWnd.obj
         Debug\StaticTrans.obj
         Debug\stdafx.obj
         resembleEmule.vcxproj -> C:\Users\July\Documents\_mynote2\wzhEmule\resembleEmule\Debug\resembleEmule.exe
     1>已完成生成项目“C:\Users\July\Documents\_mynote2\wzhEmule\resembleEmule\resembleEmule.vcxproj”(Rebuild 个目标)的操作。

已成功生成。

已用时间 00:00:24.75
