c:\users\july\documents\_mynote2\wzhemule\resembleemule\debug\resembleemule.pch
c:\users\july\documents\_mynote2\wzhemule\resembleemule\debug\vc140.pdb
c:\users\july\documents\_mynote2\wzhemule\resembleemule\debug\vc140.idb
c:\users\july\documents\_mynote2\wzhemule\resembleemule\debug\stdafx.obj
c:\users\july\documents\_mynote2\wzhemule\resembleemule\debug\emuledlg.obj
c:\users\july\documents\_mynote2\wzhemule\resembleemule\debug\iconstatic.obj
c:\users\july\documents\_mynote2\wzhemule\resembleemule\debug\resembleemule.obj
c:\users\july\documents\_mynote2\wzhemule\resembleemule\debug\resembleemule.ilk
c:\users\july\documents\_mynote2\wzhemule\resembleemule\debug\resembleemule.exe
c:\users\july\documents\_mynote2\wzhemule\resembleemule\debug\resembleemule.pdb
c:\users\july\documents\_mynote2\wzhemule\resembleemule\debug\resembleemule.res
c:\users\july\documents\_mynote2\wzhemule\resembleemule\debug\resembleemule.tlog\cl.command.1.tlog
c:\users\july\documents\_mynote2\wzhemule\resembleemule\debug\resembleemule.tlog\cl.read.1.tlog
c:\users\july\documents\_mynote2\wzhemule\resembleemule\debug\resembleemule.tlog\cl.write.1.tlog
c:\users\july\documents\_mynote2\wzhemule\resembleemule\debug\resembleemule.tlog\link.command.1.tlog
c:\users\july\documents\_mynote2\wzhemule\resembleemule\debug\resembleemule.tlog\link.read.1.tlog
c:\users\july\documents\_mynote2\wzhemule\resembleemule\debug\resembleemule.tlog\link.write.1.tlog
c:\users\july\documents\_mynote2\wzhemule\resembleemule\debug\resembleemule.tlog\rc.command.1.tlog
c:\users\july\documents\_mynote2\wzhemule\resembleemule\debug\resembleemule.tlog\rc.read.1.tlog
c:\users\july\documents\_mynote2\wzhemule\resembleemule\debug\resembleemule.tlog\rc.write.1.tlog
